2025-06-12 17:20:44,403 [INFO   ] Starting legacy database setup process...
2025-06-12 17:20:44,403 [INFO   ] --- Processing: TMP_DF8 ---
2025-06-12 17:20:44,403 [INFO   ] Attempting to create database: 'TMP_DF8'...
2025-06-12 17:20:44,455 [ERROR  ] Failed to create database 'TMP_DF8'. Error: CREATE DATABASE cannot run inside a transaction block

2025-06-12 17:20:44,456 [INFO   ] --- Processing: TMP_DF9 ---
2025-06-12 17:20:44,456 [INFO   ] Attempting to create database: 'TMP_DF9'...
2025-06-12 17:20:44,494 [ERROR  ] Failed to create database 'TMP_DF9'. Error: CREATE DATABASE cannot run inside a transaction block

2025-06-12 17:20:44,494 [INFO   ] --- Processing: TMP_DF10 ---
2025-06-12 17:20:44,494 [INFO   ] Attempting to create database: 'TMP_DF10'...
2025-06-12 17:20:44,536 [ERROR  ] Failed to create database 'TMP_DF10'. Error: CREATE DATABASE cannot run inside a transaction block

2025-06-12 17:20:44,536 [INFO   ] --- Processing: TMP_REAN_DF2 ---
2025-06-12 17:20:44,536 [INFO   ] Attempting to create database: 'TMP_REAN_DF2'...
2025-06-12 17:20:44,573 [ERROR  ] Failed to create database 'TMP_REAN_DF2'. Error: CREATE DATABASE cannot run inside a transaction block

2025-06-12 17:20:44,573 [INFO   ] --- Legacy database setup process complete. ---
2025-06-12 17:27:40,750 [INFO   ] Starting legacy database setup process...
2025-06-12 17:27:40,750 [INFO   ] --- Processing: TMP_DF8 ---
2025-06-12 17:27:40,750 [INFO   ] Attempting to create database: 'TMP_DF8'...
2025-06-12 17:27:41,046 [INFO   ] Database 'TMP_DF8' created successfully.
2025-06-12 17:27:41,047 [INFO   ] Populating 'TMP_DF8' from 'TMP_DF8.sql'...
2025-06-12 17:27:43,343 [INFO   ] Successfully populated database 'TMP_DF8'.
2025-06-12 17:27:43,344 [INFO   ] --- Processing: TMP_DF9 ---
2025-06-12 17:27:43,344 [INFO   ] Attempting to create database: 'TMP_DF9'...
2025-06-12 17:27:43,513 [INFO   ] Database 'TMP_DF9' created successfully.
2025-06-12 17:27:43,513 [INFO   ] Populating 'TMP_DF9' from 'TMP_DF9.sql'...
2025-06-12 17:27:45,476 [INFO   ] Successfully populated database 'TMP_DF9'.
2025-06-12 17:27:45,477 [INFO   ] --- Processing: TMP_DF10 ---
2025-06-12 17:27:45,477 [INFO   ] Attempting to create database: 'TMP_DF10'...
2025-06-12 17:27:45,659 [INFO   ] Database 'TMP_DF10' created successfully.
2025-06-12 17:27:45,659 [INFO   ] Populating 'TMP_DF10' from 'TMP_DF10.sql'...
2025-06-12 17:27:56,471 [INFO   ] Successfully populated database 'TMP_DF10'.
2025-06-12 17:27:56,475 [INFO   ] --- Processing: TMP_REAN_DF2 ---
2025-06-12 17:27:56,475 [INFO   ] Attempting to create database: 'TMP_REAN_DF2'...
2025-06-12 17:27:56,639 [INFO   ] Database 'TMP_REAN_DF2' created successfully.
2025-06-12 17:27:56,639 [INFO   ] Populating 'TMP_REAN_DF2' from 'TMP_REAN_DF2.sql'...
2025-06-12 17:27:57,920 [INFO   ] Successfully populated database 'TMP_REAN_DF2'.
2025-06-12 17:27:57,921 [INFO   ] --- Legacy database setup process complete. ---
